<?xml version="1.0" encoding="UTF-8"?>
<!-- Generated by org.testng.reporters.JUnitReportReporter -->
<testsuite skipped="0" hostname="FULL609-PRO.local" name="com.framework.testcase.LoginTest" tests="1" failures="0" timestamp="07 Nov 2020 10:30:51 GMT" time="7.863" errors="0">
  <testcase name="validLoginTest" time="7.863" classname="com.framework.testcase.LoginTest"/>
</testsuite> <!-- com.framework.testcase.LoginTest -->
