<?xml version="1.0" encoding="UTF-8"?>
<!-- Generated by org.testng.reporters.JUnitReportReporter -->
<testsuite skipped="0" hostname="FULL609-PRO.local" name="com.framework.testcase.AddToCartTest" tests="1" failures="0" timestamp="07 Nov 2020 10:30:51 GMT" time="6.047" errors="0">
  <testcase name="addToCartTest" time="6.047" classname="com.framework.testcase.AddToCartTest"/>
</testsuite> <!-- com.framework.testcase.AddToCartTest -->
