<?xml version="1.0" encoding="UTF-8"?>
<!-- Generated by org.testng.reporters.JUnitReportReporter -->
<testsuite skipped="0" hostname="FULL609-PRO.local" name="com.framework.testcase.LoginTest" tests="2" failures="0" timestamp="28 Oct 2020 08:49:04 GMT" time="7.718" errors="0">
  <testcase name="validLoginTest" time="5.926" classname="com.framework.testcase.LoginTest"/>
  <testcase name="checkErrorMessage" time="1.792" classname="com.framework.testcase.LoginTest"/>
</testsuite> <!-- com.framework.testcase.LoginTest -->
