<?xml version="1.0" encoding="UTF-8"?>
<!-- Generated by org.testng.reporters.JUnitReportReporter -->
<testsuite skipped="0" hostname="FULL609-PRO.local" name="com.framework.testcase.AddToCartTest" tests="2" failures="0" timestamp="28 Oct 2020 08:49:04 GMT" time="9.724" errors="0">
  <testcase name="addToCartTest" time="5.764" classname="com.framework.testcase.AddToCartTest"/>
  <testcase name="addTwoItemAndCheckout" time="3.960" classname="com.framework.testcase.AddToCartTest"/>
</testsuite> <!-- com.framework.testcase.AddToCartTest -->
