<?xml version="1.0" encoding="UTF-8"?>
<!-- Generated by org.testng.reporters.JUnitReportReporter -->
<testsuite skipped="0" hostname="FULL609-PRO.local" name="runner.TestRunner" tests="1" failures="0" timestamp="12 Aug 2020 07:21:27 GMT" time="8.183" errors="0">
  <testcase name="feature" time="8.183" classname="runner.TestRunner"/>
</testsuite> <!-- runner.TestRunner -->
